<?xml version="1.0" encoding="utf-8" standalone="no"?>
<!--This file represents the results of running a test suite-->
<test-results name="C:\Users\RajKumar-PC\Documents\Visual Studio 2013\Projects\QASageframe\SageframeTest\bin\Release\SageframeTest.nunit" total="0" errors="0" failures="0" not-run="0" inconclusive="0" ignored="0" skipped="0" invalid="0" date="2015-09-16" time="17:29:21">
  <environment nunit-version="2.6.4.14350" clr-version="2.0.50727.8000" os-version="Microsoft Windows NT 6.2.9200.0" platform="Win32NT" cwd="D:\Personnel\NUnit-2.6.4\bin" machine-name="RAJKUMARTHAPA" user="RajKumar-PC" user-domain="RajkumarThapa" />
  <culture-info current-culture="en-US" current-uiculture="en-US" />
  <test-suite type="Project" name="C:\Users\RajKumar-PC\Documents\Visual Studio 2013\Projects\QASageframe\SageframeTest\bin\Release\SageframeTest.nunit" executed="True" result="Inconclusive" success="False" time="0.010" asserts="0">
    <results>
      <test-suite type="Assembly" name="C:\Users\RajKumar-PC\Documents\Visual Studio 2013\Projects\QASageframe\SageframeTest\bin\Release\QASageframe.dll" executed="True" result="Inconclusive" success="False" time="0.002" asserts="0" />
    </results>
  </test-suite>
</test-results>